<?xml version="1.0" encoding="UTF-8"?>
<!-- Generated by org.testng.reporters.JUnitReportReporter -->
<testsuite hostname="cuikuideMacBook-Pro.local" name="core.login.InitInfo" tests="1" failures="0" timestamp="6 Nov 2016 23:25:13 GMT" time="0.153" errors="0">
  <testcase name="test_initInfo" time="0.153" classname="core.login.InitInfo"/>
</testsuite> <!-- core.login.InitInfo -->
